This file contains any messages produced by compilers while
running configure, to aid debugging if configure makes a mistake.

It was created by synergy_applet configure 0.9, which was
generated by GNU Autoconf 2.69.  Invocation command line was

  $ ./configure --enable-maintainer-mode --no-create --no-recursion

## --------- ##
## Platform. ##
## --------- ##

hostname = yetibook
uname -m = x86_64
uname -r = 4.11.6-1-ARCH
uname -s = Linux
uname -v = #1 SMP PREEMPT Sat Jun 17 08:19:42 CEST 2017

/usr/bin/uname -p = unknown
/bin/uname -X     = unknown

/bin/arch              = unknown
/usr/bin/arch -k       = unknown
/usr/convex/getsysinfo = unknown
/usr/bin/hostinfo      = unknown
/bin/machine           = unknown
/usr/bin/oslevel       = unknown
/bin/universe          = unknown

PATH: /home/yetist/bin
PATH: /home/yetist/.local/bin
PATH: /home/yetist/go/bin
PATH: /usr/local/sbin
PATH: /usr/local/bin
PATH: /usr/bin
PATH: /usr/lib/jvm/default/bin
PATH: /usr/bin/site_perl
PATH: /usr/bin/vendor_perl
PATH: /usr/bin/core_perl
PATH: /home/yetist/.cabal/bin
PATH: /home/yetist/.local/bin
PATH: /home/yetist/bin


## ----------- ##
## Core tests. ##
## ----------- ##

configure:2335: checking for a BSD-compatible install
configure:2403: result: /usr/bin/install -c
configure:2414: checking whether build environment is sane
configure:2469: result: yes
configure:2620: checking for a thread-safe mkdir -p
configure:2659: result: /usr/bin/mkdir -p
configure:2666: checking for gawk
configure:2682: found /usr/bin/gawk
configure:2693: result: gawk
configure:2704: checking whether make sets $(MAKE)
configure:2726: result: yes
configure:2755: checking whether make supports nested variables
configure:2772: result: yes
configure:2902: checking whether to enable maintainer-specific portions of Makefiles
configure:2911: result: yes
configure:2937: checking for style of include used by make
configure:2965: result: GNU
configure:3036: checking for gcc
configure:3052: found /usr/bin/gcc
configure:3063: result: gcc
configure:3292: checking for C compiler version
configure:3301: gcc --version >&5
gcc (GCC) 7.1.1 20170621
Copyright (C) 2017 Free Software Foundation, Inc.
This is free software; see the source for copying conditions.  There is NO
warranty; not even for MERCHANTABILITY or FITNESS FOR A PARTICULAR PURPOSE.

configure:3312: $? = 0
configure:3301: gcc -v >&5
Using built-in specs.
COLLECT_GCC=gcc
COLLECT_LTO_WRAPPER=/usr/lib/gcc/x86_64-pc-linux-gnu/7.1.1/lto-wrapper
Target: x86_64-pc-linux-gnu
Configured with: /build/gcc/src/gcc/configure --prefix=/usr --libdir=/usr/lib --libexecdir=/usr/lib --mandir=/usr/share/man --infodir=/usr/share/info --with-bugurl=https://bugs.archlinux.org/ --enable-languages=c,c++,ada,fortran,go,lto,objc,obj-c++ --enable-shared --enable-threads=posix --enable-libmpx --with-system-zlib --with-isl --enable-__cxa_atexit --disable-libunwind-exceptions --enable-clocale=gnu --disable-libstdcxx-pch --disable-libssp --enable-gnu-unique-object --enable-linker-build-id --enable-lto --enable-plugin --enable-install-libiberty --with-linker-hash-style=gnu --enable-gnu-indirect-function --disable-multilib --disable-werror --enable-checking=release
Thread model: posix
gcc version 7.1.1 20170621 (GCC) 
configure:3312: $? = 0
configure:3301: gcc -V >&5
gcc: error: unrecognized command line option '-V'
gcc: fatal error: no input files
compilation terminated.
configure:3312: $? = 1
configure:3301: gcc -qversion >&5
gcc: error: unrecognized command line option '-qversion'; did you mean '--version'?
gcc: fatal error: no input files
compilation terminated.
configure:3312: $? = 1
configure:3332: checking whether the C compiler works
configure:3354: gcc    conftest.c  >&5
configure:3358: $? = 0
configure:3406: result: yes
configure:3409: checking for C compiler default output file name
configure:3411: result: a.out
configure:3417: checking for suffix of executables
configure:3424: gcc -o conftest    conftest.c  >&5
configure:3428: $? = 0
configure:3450: result: 
configure:3472: checking whether we are cross compiling
configure:3480: gcc -o conftest    conftest.c  >&5
configure:3484: $? = 0
configure:3491: ./conftest
configure:3495: $? = 0
configure:3510: result: no
configure:3515: checking for suffix of object files
configure:3537: gcc -c   conftest.c >&5
configure:3541: $? = 0
configure:3562: result: o
configure:3566: checking whether we are using the GNU C compiler
configure:3585: gcc -c   conftest.c >&5
configure:3585: $? = 0
configure:3594: result: yes
configure:3603: checking whether gcc accepts -g
configure:3623: gcc -c -g  conftest.c >&5
configure:3623: $? = 0
configure:3664: result: yes
configure:3681: checking for gcc option to accept ISO C89
configure:3744: gcc  -c -g -O2  conftest.c >&5
configure:3744: $? = 0
configure:3757: result: none needed
configure:3782: checking whether gcc understands -c and -o together
configure:3804: gcc -c conftest.c -o conftest2.o
configure:3807: $? = 0
configure:3804: gcc -c conftest.c -o conftest2.o
configure:3807: $? = 0
configure:3819: result: yes
configure:3838: checking dependency style of gcc
configure:3949: result: gcc3
configure:3965: checking for library containing strerror
configure:3996: gcc -o conftest -g -O2   conftest.c  >&5
configure:3996: $? = 0
configure:4013: result: none required
configure:4069: checking for gcc
configure:4096: result: gcc
configure:4325: checking for C compiler version
configure:4334: gcc --version >&5
gcc (GCC) 7.1.1 20170621
Copyright (C) 2017 Free Software Foundation, Inc.
This is free software; see the source for copying conditions.  There is NO
warranty; not even for MERCHANTABILITY or FITNESS FOR A PARTICULAR PURPOSE.

configure:4345: $? = 0
configure:4334: gcc -v >&5
Using built-in specs.
COLLECT_GCC=gcc
COLLECT_LTO_WRAPPER=/usr/lib/gcc/x86_64-pc-linux-gnu/7.1.1/lto-wrapper
Target: x86_64-pc-linux-gnu
Configured with: /build/gcc/src/gcc/configure --prefix=/usr --libdir=/usr/lib --libexecdir=/usr/lib --mandir=/usr/share/man --infodir=/usr/share/info --with-bugurl=https://bugs.archlinux.org/ --enable-languages=c,c++,ada,fortran,go,lto,objc,obj-c++ --enable-shared --enable-threads=posix --enable-libmpx --with-system-zlib --with-isl --enable-__cxa_atexit --disable-libunwind-exceptions --enable-clocale=gnu --disable-libstdcxx-pch --disable-libssp --enable-gnu-unique-object --enable-linker-build-id --enable-lto --enable-plugin --enable-install-libiberty --with-linker-hash-style=gnu --enable-gnu-indirect-function --disable-multilib --disable-werror --enable-checking=release
Thread model: posix
gcc version 7.1.1 20170621 (GCC) 
configure:4345: $? = 0
configure:4334: gcc -V >&5
gcc: error: unrecognized command line option '-V'
gcc: fatal error: no input files
compilation terminated.
configure:4345: $? = 1
configure:4334: gcc -qversion >&5
gcc: error: unrecognized command line option '-qversion'; did you mean '--version'?
gcc: fatal error: no input files
compilation terminated.
configure:4345: $? = 1
configure:4349: checking whether we are using the GNU C compiler
configure:4377: result: yes
configure:4386: checking whether gcc accepts -g
configure:4447: result: yes
configure:4464: checking for gcc option to accept ISO C89
configure:4540: result: none needed
configure:4565: checking whether gcc understands -c and -o together
configure:4602: result: yes
configure:4621: checking dependency style of gcc
configure:4732: result: gcc3
configure:4795: checking for gcc
configure:4822: result: gcc
configure:5051: checking for C compiler version
configure:5060: gcc --version >&5
gcc (GCC) 7.1.1 20170621
Copyright (C) 2017 Free Software Foundation, Inc.
This is free software; see the source for copying conditions.  There is NO
warranty; not even for MERCHANTABILITY or FITNESS FOR A PARTICULAR PURPOSE.

configure:5071: $? = 0
configure:5060: gcc -v >&5
Using built-in specs.
COLLECT_GCC=gcc
COLLECT_LTO_WRAPPER=/usr/lib/gcc/x86_64-pc-linux-gnu/7.1.1/lto-wrapper
Target: x86_64-pc-linux-gnu
Configured with: /build/gcc/src/gcc/configure --prefix=/usr --libdir=/usr/lib --libexecdir=/usr/lib --mandir=/usr/share/man --infodir=/usr/share/info --with-bugurl=https://bugs.archlinux.org/ --enable-languages=c,c++,ada,fortran,go,lto,objc,obj-c++ --enable-shared --enable-threads=posix --enable-libmpx --with-system-zlib --with-isl --enable-__cxa_atexit --disable-libunwind-exceptions --enable-clocale=gnu --disable-libstdcxx-pch --disable-libssp --enable-gnu-unique-object --enable-linker-build-id --enable-lto --enable-plugin --enable-install-libiberty --with-linker-hash-style=gnu --enable-gnu-indirect-function --disable-multilib --disable-werror --enable-checking=release
Thread model: posix
gcc version 7.1.1 20170621 (GCC) 
configure:5071: $? = 0
configure:5060: gcc -V >&5
gcc: error: unrecognized command line option '-V'
gcc: fatal error: no input files
compilation terminated.
configure:5071: $? = 1
configure:5060: gcc -qversion >&5
gcc: error: unrecognized command line option '-qversion'; did you mean '--version'?
gcc: fatal error: no input files
compilation terminated.
configure:5071: $? = 1
configure:5075: checking whether we are using the GNU C compiler
configure:5103: result: yes
configure:5112: checking whether gcc accepts -g
configure:5173: result: yes
configure:5190: checking for gcc option to accept ISO C89
configure:5266: result: none needed
configure:5291: checking whether gcc understands -c and -o together
configure:5328: result: yes
configure:5347: checking dependency style of gcc
configure:5458: result: gcc3
configure:5480: checking how to run the C preprocessor
configure:5511: gcc -E  conftest.c
configure:5511: $? = 0
configure:5525: gcc -E  conftest.c
conftest.c:11:10: fatal error: ac_nonexistent.h: No such file or directory
 #include <ac_nonexistent.h>
          ^~~~~~~~~~~~~~~~~~
compilation terminated.
configure:5525: $? = 1
configure: failed program was:
| /* confdefs.h */
| #define PACKAGE_NAME "synergy_applet"
| #define PACKAGE_TARNAME "synergy_applet"
| #define PACKAGE_VERSION "0.9"
| #define PACKAGE_STRING "synergy_applet 0.9"
| #define PACKAGE_BUGREPORT "http://code.google.com/p/synergy-applet/"
| #define PACKAGE_URL ""
| #define PACKAGE "synergy_applet"
| #define VERSION "0.9"
| /* end confdefs.h.  */
| #include <ac_nonexistent.h>
configure:5550: result: gcc -E
configure:5570: gcc -E  conftest.c
configure:5570: $? = 0
configure:5584: gcc -E  conftest.c
conftest.c:11:10: fatal error: ac_nonexistent.h: No such file or directory
 #include <ac_nonexistent.h>
          ^~~~~~~~~~~~~~~~~~
compilation terminated.
configure:5584: $? = 1
configure: failed program was:
| /* confdefs.h */
| #define PACKAGE_NAME "synergy_applet"
| #define PACKAGE_TARNAME "synergy_applet"
| #define PACKAGE_VERSION "0.9"
| #define PACKAGE_STRING "synergy_applet 0.9"
| #define PACKAGE_BUGREPORT "http://code.google.com/p/synergy-applet/"
| #define PACKAGE_URL ""
| #define PACKAGE "synergy_applet"
| #define VERSION "0.9"
| /* end confdefs.h.  */
| #include <ac_nonexistent.h>
configure:5613: checking for grep that handles long lines and -e
configure:5671: result: /usr/bin/grep
configure:5676: checking for egrep
configure:5738: result: /usr/bin/grep -E
configure:5743: checking for ANSI C header files
configure:5763: gcc -c -g -O2  conftest.c >&5
configure:5763: $? = 0
configure:5836: gcc -o conftest -g -O2   conftest.c  >&5
configure:5836: $? = 0
configure:5836: ./conftest
configure:5836: $? = 0
configure:5847: result: yes
configure:5871: checking for sys/types.h
configure:5871: gcc -c -g -O2  conftest.c >&5
configure:5871: $? = 0
configure:5871: result: yes
configure:5871: checking for sys/stat.h
configure:5871: gcc -c -g -O2  conftest.c >&5
configure:5871: $? = 0
configure:5871: result: yes
configure:5871: checking for stdlib.h
configure:5871: gcc -c -g -O2  conftest.c >&5
configure:5871: $? = 0
configure:5871: result: yes
configure:5871: checking for string.h
configure:5871: gcc -c -g -O2  conftest.c >&5
configure:5871: $? = 0
configure:5871: result: yes
configure:5871: checking for memory.h
configure:5871: gcc -c -g -O2  conftest.c >&5
configure:5871: $? = 0
configure:5871: result: yes
configure:5871: checking for strings.h
configure:5871: gcc -c -g -O2  conftest.c >&5
configure:5871: $? = 0
configure:5871: result: yes
configure:5871: checking for inttypes.h
configure:5871: gcc -c -g -O2  conftest.c >&5
configure:5871: $? = 0
configure:5871: result: yes
configure:5871: checking for stdint.h
configure:5871: gcc -c -g -O2  conftest.c >&5
configure:5871: $? = 0
configure:5871: result: yes
configure:5871: checking for unistd.h
configure:5871: gcc -c -g -O2  conftest.c >&5
configure:5871: $? = 0
configure:5871: result: yes
configure:5886: checking locale.h usability
configure:5886: gcc -c -g -O2  conftest.c >&5
configure:5886: $? = 0
configure:5886: result: yes
configure:5886: checking locale.h presence
configure:5886: gcc -E  conftest.c
configure:5886: $? = 0
configure:5886: result: yes
configure:5886: checking for locale.h
configure:5886: result: yes
configure:5897: checking for LC_MESSAGES
configure:5913: gcc -o conftest -g -O2   conftest.c  >&5
configure:5913: $? = 0
configure:5921: result: yes
configure:5939: checking for CFPreferencesCopyAppValue
configure:5957: gcc -o conftest -g -O2   conftest.c  -Wl,-framework -Wl,CoreFoundation >&5
conftest.c:24:10: fatal error: CoreFoundation/CFPreferences.h: No such file or directory
 #include <CoreFoundation/CFPreferences.h>
          ^~~~~~~~~~~~~~~~~~~~~~~~~~~~~~~~
compilation terminated.
configure:5957: $? = 1
configure: failed program was:
| /* confdefs.h */
| #define PACKAGE_NAME "synergy_applet"
| #define PACKAGE_TARNAME "synergy_applet"
| #define PACKAGE_VERSION "0.9"
| #define PACKAGE_STRING "synergy_applet 0.9"
| #define PACKAGE_BUGREPORT "http://code.google.com/p/synergy-applet/"
| #define PACKAGE_URL ""
| #define PACKAGE "synergy_applet"
| #define VERSION "0.9"
| #define STDC_HEADERS 1
| #define GETTEXT_PACKAGE "synergy_applet"
| #define HAVE_SYS_TYPES_H 1
| #define HAVE_SYS_STAT_H 1
| #define HAVE_STDLIB_H 1
| #define HAVE_STRING_H 1
| #define HAVE_MEMORY_H 1
| #define HAVE_STRINGS_H 1
| #define HAVE_INTTYPES_H 1
| #define HAVE_STDINT_H 1
| #define HAVE_UNISTD_H 1
| #define HAVE_LOCALE_H 1
| #define HAVE_LC_MESSAGES 1
| /* end confdefs.h.  */
| #include <CoreFoundation/CFPreferences.h>
| int
| main ()
| {
| CFPreferencesCopyAppValue(NULL, NULL)
|   ;
|   return 0;
| }
configure:5966: result: no
configure:5973: checking for CFLocaleCopyCurrent
configure:5991: gcc -o conftest -g -O2   conftest.c  -Wl,-framework -Wl,CoreFoundation >&5
conftest.c:24:10: fatal error: CoreFoundation/CFLocale.h: No such file or directory
 #include <CoreFoundation/CFLocale.h>
          ^~~~~~~~~~~~~~~~~~~~~~~~~~~
compilation terminated.
configure:5991: $? = 1
configure: failed program was:
| /* confdefs.h */
| #define PACKAGE_NAME "synergy_applet"
| #define PACKAGE_TARNAME "synergy_applet"
| #define PACKAGE_VERSION "0.9"
| #define PACKAGE_STRING "synergy_applet 0.9"
| #define PACKAGE_BUGREPORT "http://code.google.com/p/synergy-applet/"
| #define PACKAGE_URL ""
| #define PACKAGE "synergy_applet"
| #define VERSION "0.9"
| #define STDC_HEADERS 1
| #define GETTEXT_PACKAGE "synergy_applet"
| #define HAVE_SYS_TYPES_H 1
| #define HAVE_SYS_STAT_H 1
| #define HAVE_STDLIB_H 1
| #define HAVE_STRING_H 1
| #define HAVE_MEMORY_H 1
| #define HAVE_STRINGS_H 1
| #define HAVE_INTTYPES_H 1
| #define HAVE_STDINT_H 1
| #define HAVE_UNISTD_H 1
| #define HAVE_LOCALE_H 1
| #define HAVE_LC_MESSAGES 1
| /* end confdefs.h.  */
| #include <CoreFoundation/CFLocale.h>
| int
| main ()
| {
| CFLocaleCopyCurrent();
|   ;
|   return 0;
| }
configure:6000: result: no
configure:6014: checking libintl.h usability
configure:6014: gcc -c -g -O2  conftest.c >&5
configure:6014: $? = 0
configure:6014: result: yes
configure:6014: checking libintl.h presence
configure:6014: gcc -E  conftest.c
configure:6014: $? = 0
configure:6014: result: yes
configure:6014: checking for libintl.h
configure:6014: result: yes
configure:6022: checking for ngettext in libc
configure:6040: gcc -o conftest -g -O2   conftest.c  >&5
configure:6040: $? = 0
configure:6049: result: yes
configure:6053: checking for dgettext in libc
configure:6071: gcc -o conftest -g -O2   conftest.c  >&5
configure:6071: $? = 0
configure:6080: result: yes
configure:6087: checking for bind_textdomain_codeset
configure:6087: gcc -o conftest -g -O2   conftest.c  >&5
configure:6087: $? = 0
configure:6087: result: yes
configure:6363: checking for msgfmt
configure:6390: result: /usr/bin/msgfmt
configure:6401: checking for dcgettext
configure:6401: gcc -o conftest -g -O2   conftest.c   >&5
conftest.c:49:6: warning: conflicting types for built-in function 'dcgettext' [-Wbuiltin-declaration-mismatch]
 char dcgettext ();
      ^~~~~~~~~
configure:6401: $? = 0
configure:6401: result: yes
configure:6411: checking if msgfmt accepts -c
configure:6426: $MSGFMT -c -o /dev/null conftest.foo
conftest.foo:3: warning: header field 'Language' missing in header
configure:6429: $? = 0
configure:6431: result: yes
configure:6441: checking for gmsgfmt
configure:6472: result: /usr/bin/msgfmt
configure:6482: checking for xgettext
configure:6509: result: /usr/bin/xgettext
configure:6528: gcc -o conftest -g -O2   conftest.c   >&5
configure:6528: $? = 0
configure:6668: checking whether NLS is requested
configure:6677: result: yes
configure:6695: checking for intltool >= 0.35.0
configure:6697: result: 0.51.0 found
configure:6705: checking for intltool-update
configure:6723: found /usr/bin/intltool-update
configure:6735: result: /usr/bin/intltool-update
configure:6745: checking for intltool-merge
configure:6763: found /usr/bin/intltool-merge
configure:6775: result: /usr/bin/intltool-merge
configure:6785: checking for intltool-extract
configure:6803: found /usr/bin/intltool-extract
configure:6815: result: /usr/bin/intltool-extract
configure:6969: checking for xgettext
configure:6999: result: /usr/bin/xgettext
configure:7009: checking for msgmerge
configure:7027: found /usr/bin/msgmerge
configure:7039: result: /usr/bin/msgmerge
configure:7049: checking for msgfmt
configure:7079: result: /usr/bin/msgfmt
configure:7089: checking for gmsgfmt
configure:7120: result: /usr/bin/msgfmt
configure:7140: checking for perl
configure:7158: found /usr/bin/perl
configure:7170: result: /usr/bin/perl
configure:7181: checking for perl >= 5.8.1
configure:7188: result: 5.26.0
configure:7192: checking for XML::Parser
configure:7195: result: ok
configure:7240: checking build system type
configure:7254: result: x86_64-unknown-linux-gnu
configure:7274: checking host system type
configure:7287: result: x86_64-unknown-linux-gnu
configure:7328: checking how to print strings
configure:7355: result: printf
configure:7376: checking for a sed that does not truncate output
configure:7440: result: /usr/bin/sed
configure:7458: checking for fgrep
configure:7520: result: /usr/bin/grep -F
configure:7555: checking for ld used by gcc
configure:7622: result: /usr/bin/ld
configure:7629: checking if the linker (/usr/bin/ld) is GNU ld
configure:7644: result: yes
configure:7656: checking for BSD- or MS-compatible name lister (nm)
configure:7710: result: /usr/bin/nm -B
configure:7840: checking the name lister (/usr/bin/nm -B) interface
configure:7847: gcc -c -g -O2  conftest.c >&5
configure:7850: /usr/bin/nm -B "conftest.o"
configure:7853: output
0000000000000000 B some_variable
configure:7860: result: BSD nm
configure:7863: checking whether ln -s works
configure:7867: result: yes
configure:7875: checking the maximum length of command line arguments
configure:8006: result: 1572864
configure:8054: checking how to convert x86_64-unknown-linux-gnu file names to x86_64-unknown-linux-gnu format
configure:8094: result: func_convert_file_noop
configure:8101: checking how to convert x86_64-unknown-linux-gnu file names to toolchain format
configure:8121: result: func_convert_file_noop
configure:8128: checking for /usr/bin/ld option to reload object files
configure:8135: result: -r
configure:8209: checking for objdump
configure:8225: found /usr/bin/objdump
configure:8236: result: objdump
configure:8268: checking how to recognize dependent libraries
configure:8468: result: pass_all
configure:8553: checking for dlltool
configure:8583: result: no
configure:8613: checking how to associate runtime and link libraries
configure:8640: result: printf %s\n
configure:8700: checking for ar
configure:8716: found /usr/bin/ar
configure:8727: result: ar
configure:8764: checking for archiver @FILE support
configure:8781: gcc -c -g -O2  conftest.c >&5
configure:8781: $? = 0
configure:8784: ar cru libconftest.a @conftest.lst >&5
ar: `u' modifier ignored since `D' is the default (see `U')
configure:8787: $? = 0
configure:8792: ar cru libconftest.a @conftest.lst >&5
ar: `u' modifier ignored since `D' is the default (see `U')
ar: conftest.o: No such file or directory
configure:8795: $? = 1
configure:8807: result: @
configure:8865: checking for strip
configure:8881: found /usr/bin/strip
configure:8892: result: strip
configure:8964: checking for ranlib
configure:8980: found /usr/bin/ranlib
configure:8991: result: ranlib
configure:9093: checking command to parse /usr/bin/nm -B output from gcc object
configure:9246: gcc -c -g -O2  conftest.c >&5
configure:9249: $? = 0
configure:9253: /usr/bin/nm -B conftest.o \| sed -n -e 's/^.*[ ]\([ABCDGIRSTW][ABCDGIRSTW]*\)[ ][ ]*\([_A-Za-z][_A-Za-z0-9]*\)$/\1 \2 \2/p' | sed '/ __gnu_lto/d' \> conftest.nm
configure:9256: $? = 0
configure:9322: gcc -o conftest -g -O2   conftest.c conftstm.o >&5
configure:9325: $? = 0
configure:9363: result: ok
configure:9410: checking for sysroot
configure:9440: result: no
configure:9447: checking for a working dd
configure:9485: result: /usr/bin/dd
configure:9489: checking how to truncate binary pipes
configure:9504: result: /usr/bin/dd bs=4096 count=1
configure:9640: gcc -c -g -O2  conftest.c >&5
configure:9643: $? = 0
configure:9833: checking for mt
configure:9863: result: no
configure:9883: checking if : is a manifest tool
configure:9889: : '-?'
configure:9897: result: no
configure:10571: checking for dlfcn.h
configure:10571: gcc -c -g -O2  conftest.c >&5
configure:10571: $? = 0
configure:10571: result: yes
configure:10827: checking for objdir
configure:10842: result: .libs
configure:11102: checking if gcc supports -fno-rtti -fno-exceptions
configure:11120: gcc -c -g -O2  -fno-rtti -fno-exceptions conftest.c >&5
cc1: warning: command line option '-fno-rtti' is valid for C++/ObjC++ but not for C
configure:11124: $? = 0
configure:11137: result: no
configure:11495: checking for gcc option to produce PIC
configure:11502: result: -fPIC -DPIC
configure:11510: checking if gcc PIC flag -fPIC -DPIC works
configure:11528: gcc -c -g -O2  -fPIC -DPIC -DPIC conftest.c >&5
configure:11532: $? = 0
configure:11545: result: yes
configure:11574: checking if gcc static flag -static works
configure:11602: result: yes
configure:11617: checking if gcc supports -c -o file.o
configure:11638: gcc -c -g -O2  -o out/conftest2.o conftest.c >&5
configure:11642: $? = 0
configure:11664: result: yes
configure:11672: checking if gcc supports -c -o file.o
configure:11719: result: yes
configure:11752: checking whether the gcc linker (/usr/bin/ld -m elf_x86_64) supports shared libraries
configure:13011: result: yes
configure:13048: checking whether -lc should be explicitly linked in
configure:13056: gcc -c -g -O2  conftest.c >&5
configure:13059: $? = 0
configure:13074: gcc -shared  -fPIC -DPIC conftest.o  -v -Wl,-soname -Wl,conftest -o conftest 2\>\&1 \| /usr/bin/grep  -lc  \>/dev/null 2\>\&1
configure:13077: $? = 0
configure:13091: result: no
configure:13251: checking dynamic linker characteristics
configure:13832: gcc -o conftest -g -O2   -Wl,-rpath -Wl,/foo conftest.c  >&5
configure:13832: $? = 0
configure:14069: result: GNU/Linux ld.so
configure:14191: checking how to hardcode library paths into programs
configure:14216: result: immediate
configure:14764: checking whether stripping libraries is possible
configure:14769: result: yes
configure:14804: checking if libtool supports shared libraries
configure:14806: result: yes
configure:14809: checking whether to build shared libraries
configure:14834: result: yes
configure:14837: checking whether to build static libraries
configure:14841: result: yes
configure:14934: checking for pkg-config
configure:14952: found /usr/bin/pkg-config
configure:14964: result: /usr/bin/pkg-config
configure:14989: checking pkg-config is at least version 0.9.0
configure:14992: result: yes
configure:15002: checking for glib-2.0 >= 2.14 gtk+-2.0 avahi-client >= 0.6.0 avahi-glib
configure:15009: $PKG_CONFIG --exists --print-errors "glib-2.0 >= 2.14 gtk+-2.0 avahi-client >= 0.6.0 avahi-glib"
configure:15012: $? = 0
configure:15026: $PKG_CONFIG --exists --print-errors "glib-2.0 >= 2.14 gtk+-2.0 avahi-client >= 0.6.0 avahi-glib"
configure:15029: $? = 0
configure:15087: result: yes
configure:15207: checking that generated files are newer than configure
configure:15213: result: done
configure:15252: creating ./config.status

## ---------------- ##
## Cache variables. ##
## ---------------- ##

ac_cv_build=x86_64-unknown-linux-gnu
ac_cv_c_compiler_gnu=yes
ac_cv_env_CC_set=
ac_cv_env_CC_value=
ac_cv_env_CFLAGS_set=
ac_cv_env_CFLAGS_value=
ac_cv_env_CPPFLAGS_set=
ac_cv_env_CPPFLAGS_value=
ac_cv_env_CPP_set=
ac_cv_env_CPP_value=
ac_cv_env_LDFLAGS_set=
ac_cv_env_LDFLAGS_value=
ac_cv_env_LIBS_set=
ac_cv_env_LIBS_value=
ac_cv_env_LT_SYS_LIBRARY_PATH_set=
ac_cv_env_LT_SYS_LIBRARY_PATH_value=
ac_cv_env_PKG_CONFIG_LIBDIR_set=
ac_cv_env_PKG_CONFIG_LIBDIR_value=
ac_cv_env_PKG_CONFIG_PATH_set=
ac_cv_env_PKG_CONFIG_PATH_value=
ac_cv_env_PKG_CONFIG_set=
ac_cv_env_PKG_CONFIG_value=
ac_cv_env_SYNERGY_APPLET_CFLAGS_set=
ac_cv_env_SYNERGY_APPLET_CFLAGS_value=
ac_cv_env_SYNERGY_APPLET_LIBS_set=
ac_cv_env_SYNERGY_APPLET_LIBS_value=
ac_cv_env_build_alias_set=
ac_cv_env_build_alias_value=
ac_cv_env_host_alias_set=
ac_cv_env_host_alias_value=
ac_cv_env_target_alias_set=
ac_cv_env_target_alias_value=
ac_cv_func_bind_textdomain_codeset=yes
ac_cv_func_dcgettext=yes
ac_cv_header_dlfcn_h=yes
ac_cv_header_inttypes_h=yes
ac_cv_header_libintl_h=yes
ac_cv_header_locale_h=yes
ac_cv_header_memory_h=yes
ac_cv_header_stdc=yes
ac_cv_header_stdint_h=yes
ac_cv_header_stdlib_h=yes
ac_cv_header_string_h=yes
ac_cv_header_strings_h=yes
ac_cv_header_sys_stat_h=yes
ac_cv_header_sys_types_h=yes
ac_cv_header_unistd_h=yes
ac_cv_host=x86_64-unknown-linux-gnu
ac_cv_objext=o
ac_cv_path_EGREP='/usr/bin/grep -E'
ac_cv_path_FGREP='/usr/bin/grep -F'
ac_cv_path_GMSGFMT=/usr/bin/msgfmt
ac_cv_path_GREP=/usr/bin/grep
ac_cv_path_INTLTOOL_EXTRACT=/usr/bin/intltool-extract
ac_cv_path_INTLTOOL_MERGE=/usr/bin/intltool-merge
ac_cv_path_INTLTOOL_PERL=/usr/bin/perl
ac_cv_path_INTLTOOL_UPDATE=/usr/bin/intltool-update
ac_cv_path_MSGFMT=/usr/bin/msgfmt
ac_cv_path_MSGMERGE=/usr/bin/msgmerge
ac_cv_path_SED=/usr/bin/sed
ac_cv_path_XGETTEXT=/usr/bin/xgettext
ac_cv_path_ac_pt_PKG_CONFIG=/usr/bin/pkg-config
ac_cv_path_install='/usr/bin/install -c'
ac_cv_path_lt_DD=/usr/bin/dd
ac_cv_path_mkdir=/usr/bin/mkdir
ac_cv_prog_AWK=gawk
ac_cv_prog_CPP='gcc -E'
ac_cv_prog_ac_ct_AR=ar
ac_cv_prog_ac_ct_CC=gcc
ac_cv_prog_ac_ct_OBJDUMP=objdump
ac_cv_prog_ac_ct_RANLIB=ranlib
ac_cv_prog_ac_ct_STRIP=strip
ac_cv_prog_cc_c89=
ac_cv_prog_cc_g=yes
ac_cv_prog_make_make_set=yes
ac_cv_search_strerror='none required'
am_cv_CC_dependencies_compiler_type=gcc3
am_cv_make_support_nested_variables=yes
am_cv_prog_cc_c_o=yes
am_cv_prog_cc_stdc=
am_cv_val_LC_MESSAGES=yes
gt_cv_func_CFLocaleCopyCurrent=no
gt_cv_func_CFPreferencesCopyAppValue=no
gt_cv_func_dgettext_libc=yes
gt_cv_func_dgettext_libintl=no
gt_cv_func_ngettext_libc=yes
gt_cv_have_gettext=yes
lt_cv_ar_at_file=@
lt_cv_archive_cmds_need_lc=no
lt_cv_deplibs_check_method=pass_all
lt_cv_file_magic_cmd='$MAGIC_CMD'
lt_cv_file_magic_test_file=
lt_cv_ld_reload_flag=-r
lt_cv_nm_interface='BSD nm'
lt_cv_objdir=.libs
lt_cv_path_LD=/usr/bin/ld
lt_cv_path_NM='/usr/bin/nm -B'
lt_cv_path_mainfest_tool=no
lt_cv_prog_compiler_c_o=yes
lt_cv_prog_compiler_pic='-fPIC -DPIC'
lt_cv_prog_compiler_pic_works=yes
lt_cv_prog_compiler_rtti_exceptions=no
lt_cv_prog_compiler_static_works=yes
lt_cv_prog_gnu_ld=yes
lt_cv_sharedlib_from_linklib_cmd='printf %s\n'
lt_cv_shlibpath_overrides_runpath=no
lt_cv_sys_global_symbol_pipe='sed -n -e '\''s/^.*[	 ]\([ABCDGIRSTW][ABCDGIRSTW]*\)[	 ][	 ]*\([_A-Za-z][_A-Za-z0-9]*\)$/\1 \2 \2/p'\'' | sed '\''/ __gnu_lto/d'\'''
lt_cv_sys_global_symbol_to_c_name_address='sed -n -e '\''s/^: \(.*\) .*$/  {"\1", (void *) 0},/p'\'' -e '\''s/^[ABCDGIRSTW][ABCDGIRSTW]* .* \(.*\)$/  {"\1", (void *) \&\1},/p'\'''
lt_cv_sys_global_symbol_to_c_name_address_lib_prefix='sed -n -e '\''s/^: \(.*\) .*$/  {"\1", (void *) 0},/p'\'' -e '\''s/^[ABCDGIRSTW][ABCDGIRSTW]* .* \(lib.*\)$/  {"\1", (void *) \&\1},/p'\'' -e '\''s/^[ABCDGIRSTW][ABCDGIRSTW]* .* \(.*\)$/  {"lib\1", (void *) \&\1},/p'\'''
lt_cv_sys_global_symbol_to_cdecl='sed -n -e '\''s/^T .* \(.*\)$/extern int \1();/p'\'' -e '\''s/^[ABCDGIRSTW][ABCDGIRSTW]* .* \(.*\)$/extern char \1;/p'\'''
lt_cv_sys_global_symbol_to_import=
lt_cv_sys_max_cmd_len=1572864
lt_cv_to_host_file_cmd=func_convert_file_noop
lt_cv_to_tool_file_cmd=func_convert_file_noop
lt_cv_truncate_bin='/usr/bin/dd bs=4096 count=1'
pkg_cv_SYNERGY_APPLET_CFLAGS='-pthread -D_REENTRANT -I/usr/include/gtk-2.0 -I/usr/lib/gtk-2.0/include -I/usr/include/pango-1.0 -I/usr/include/atk-1.0 -I/usr/include/cairo -I/usr/include/pixman-1 -I/usr/include/libdrm -I/usr/include/gdk-pixbuf-2.0 -I/usr/include/libpng16 -I/usr/include/pango-1.0 -I/usr/include/freetype2 -I/usr/include/libpng16 -I/usr/include/harfbuzz -I/usr/include/glib-2.0 -I/usr/lib/glib-2.0/include -I/usr/include/freetype2 -I/usr/include/libpng16 -I/usr/include/harfbuzz -I/usr/include/glib-2.0 -I/usr/lib/glib-2.0/include'
pkg_cv_SYNERGY_APPLET_LIBS='-lgtk-x11-2.0 -lgdk-x11-2.0 -lpangocairo-1.0 -latk-1.0 -lcairo -lgdk_pixbuf-2.0 -lgio-2.0 -lpangoft2-1.0 -lpango-1.0 -lgobject-2.0 -lfontconfig -lfreetype -lavahi-common -lavahi-client -lavahi-glib -lglib-2.0'

## ----------------- ##
## Output variables. ##
## ----------------- ##

ACLOCAL='${SHELL} /home/yetist/tmp/synergy-applet/trunk/missing aclocal-1.15'
ALL_LINGUAS=''
AMDEPBACKSLASH='\'
AMDEP_FALSE='#'
AMDEP_TRUE=''
AMTAR='$${TAR-tar}'
AM_BACKSLASH='\'
AM_DEFAULT_V='$(AM_DEFAULT_VERBOSITY)'
AM_DEFAULT_VERBOSITY='1'
AM_V='$(V)'
AR='ar'
AUTOCONF='${SHELL} /home/yetist/tmp/synergy-applet/trunk/missing autoconf'
AUTOHEADER='${SHELL} /home/yetist/tmp/synergy-applet/trunk/missing autoheader'
AUTOMAKE='${SHELL} /home/yetist/tmp/synergy-applet/trunk/missing automake-1.15'
AWK='gawk'
CATALOGS=''
CATOBJEXT='.gmo'
CC='gcc'
CCDEPMODE='depmode=gcc3'
CFLAGS='-g -O2'
CPP='gcc -E'
CPPFLAGS=''
CYGPATH_W='echo'
DATADIRNAME='share'
DEFS='-DHAVE_CONFIG_H'
DEPDIR='.deps'
DLLTOOL='false'
DSYMUTIL=''
DUMPBIN=''
ECHO_C=''
ECHO_N='-n'
ECHO_T=''
EGREP='/usr/bin/grep -E'
EXEEXT=''
FGREP='/usr/bin/grep -F'
GETTEXT_PACKAGE='synergy_applet'
GMOFILES=''
GMSGFMT='/usr/bin/msgfmt'
GREP='/usr/bin/grep'
INSTALL_DATA='${INSTALL} -m 644'
INSTALL_PROGRAM='${INSTALL}'
INSTALL_SCRIPT='${INSTALL}'
INSTALL_STRIP_PROGRAM='$(install_sh) -c -s'
INSTOBJEXT='.mo'
INTLLIBS=''
INTLTOOL_CAVES_RULE='%.caves:     %.caves.in     $(INTLTOOL_MERGE) $(wildcard $(top_srcdir)/po/*.po) ; $(INTLTOOL_V_MERGE)LC_ALL=C $(INTLTOOL_MERGE) $(INTLTOOL_V_MERGE_OPTIONS) -d -u -c $(top_builddir)/po/.intltool-merge-cache $(top_srcdir)/po $< $@'
INTLTOOL_DESKTOP_RULE='%.desktop:   %.desktop.in   $(INTLTOOL_MERGE) $(wildcard $(top_srcdir)/po/*.po) ; $(INTLTOOL_V_MERGE)LC_ALL=C $(INTLTOOL_MERGE) $(INTLTOOL_V_MERGE_OPTIONS) -d -u -c $(top_builddir)/po/.intltool-merge-cache $(top_srcdir)/po $< $@'
INTLTOOL_DIRECTORY_RULE='%.directory: %.directory.in $(INTLTOOL_MERGE) $(wildcard $(top_srcdir)/po/*.po) ; $(INTLTOOL_V_MERGE)LC_ALL=C $(INTLTOOL_MERGE) $(INTLTOOL_V_MERGE_OPTIONS) -d -u -c $(top_builddir)/po/.intltool-merge-cache $(top_srcdir)/po $< $@'
INTLTOOL_EXTRACT='/usr/bin/intltool-extract'
INTLTOOL_KBD_RULE='%.kbd:       %.kbd.in       $(INTLTOOL_MERGE) $(wildcard $(top_srcdir)/po/*.po) ; $(INTLTOOL_V_MERGE)LC_ALL=C $(INTLTOOL_MERGE) $(INTLTOOL_V_MERGE_OPTIONS) -x -u -m -c $(top_builddir)/po/.intltool-merge-cache $(top_srcdir)/po $< $@'
INTLTOOL_KEYS_RULE='%.keys:      %.keys.in      $(INTLTOOL_MERGE) $(wildcard $(top_srcdir)/po/*.po) ; $(INTLTOOL_V_MERGE)LC_ALL=C $(INTLTOOL_MERGE) $(INTLTOOL_V_MERGE_OPTIONS) -k -u -c $(top_builddir)/po/.intltool-merge-cache $(top_srcdir)/po $< $@'
INTLTOOL_MERGE='/usr/bin/intltool-merge'
INTLTOOL_OAF_RULE='%.oaf:       %.oaf.in       $(INTLTOOL_MERGE) $(wildcard $(top_srcdir)/po/*.po) ; $(INTLTOOL_V_MERGE)LC_ALL=C $(INTLTOOL_MERGE) $(INTLTOOL_V_MERGE_OPTIONS) -o -p $(top_srcdir)/po $< $@'
INTLTOOL_PERL='/usr/bin/perl'
INTLTOOL_POLICY_RULE='%.policy:    %.policy.in    $(INTLTOOL_MERGE) $(wildcard $(top_srcdir)/po/*.po) ; $(INTLTOOL_V_MERGE)LC_ALL=C $(INTLTOOL_MERGE) $(INTLTOOL_V_MERGE_OPTIONS) -x -u -c $(top_builddir)/po/.intltool-merge-cache $(top_srcdir)/po $< $@'
INTLTOOL_PONG_RULE='%.pong:      %.pong.in      $(INTLTOOL_MERGE) $(wildcard $(top_srcdir)/po/*.po) ; $(INTLTOOL_V_MERGE)LC_ALL=C $(INTLTOOL_MERGE) $(INTLTOOL_V_MERGE_OPTIONS) -x -u -c $(top_builddir)/po/.intltool-merge-cache $(top_srcdir)/po $< $@'
INTLTOOL_PROP_RULE='%.prop:      %.prop.in      $(INTLTOOL_MERGE) $(wildcard $(top_srcdir)/po/*.po) ; $(INTLTOOL_V_MERGE)LC_ALL=C $(INTLTOOL_MERGE) $(INTLTOOL_V_MERGE_OPTIONS) -d -u -c $(top_builddir)/po/.intltool-merge-cache $(top_srcdir)/po $< $@'
INTLTOOL_SCHEMAS_RULE='%.schemas:   %.schemas.in   $(INTLTOOL_MERGE) $(wildcard $(top_srcdir)/po/*.po) ; $(INTLTOOL_V_MERGE)LC_ALL=C $(INTLTOOL_MERGE) $(INTLTOOL_V_MERGE_OPTIONS) -s -u -c $(top_builddir)/po/.intltool-merge-cache $(top_srcdir)/po $< $@'
INTLTOOL_SERVER_RULE='%.server:    %.server.in    $(INTLTOOL_MERGE) $(wildcard $(top_srcdir)/po/*.po) ; $(INTLTOOL_V_MERGE)LC_ALL=C $(INTLTOOL_MERGE) $(INTLTOOL_V_MERGE_OPTIONS) -o -u -c $(top_builddir)/po/.intltool-merge-cache $(top_srcdir)/po $< $@'
INTLTOOL_SERVICE_RULE='%.service: %.service.in   $(INTLTOOL_MERGE) $(wildcard $(top_srcdir)/po/*.po) ; $(INTLTOOL_V_MERGE)LC_ALL=C $(INTLTOOL_MERGE) $(INTLTOOL_V_MERGE_OPTIONS) -d -u -c $(top_builddir)/po/.intltool-merge-cache $(top_srcdir)/po $< $@'
INTLTOOL_SHEET_RULE='%.sheet:     %.sheet.in     $(INTLTOOL_MERGE) $(wildcard $(top_srcdir)/po/*.po) ; $(INTLTOOL_V_MERGE)LC_ALL=C $(INTLTOOL_MERGE) $(INTLTOOL_V_MERGE_OPTIONS) -x -u -c $(top_builddir)/po/.intltool-merge-cache $(top_srcdir)/po $< $@'
INTLTOOL_SOUNDLIST_RULE='%.soundlist: %.soundlist.in $(INTLTOOL_MERGE) $(wildcard $(top_srcdir)/po/*.po) ; $(INTLTOOL_V_MERGE)LC_ALL=C $(INTLTOOL_MERGE) $(INTLTOOL_V_MERGE_OPTIONS) -d -u -c $(top_builddir)/po/.intltool-merge-cache $(top_srcdir)/po $< $@'
INTLTOOL_THEME_RULE='%.theme:     %.theme.in     $(INTLTOOL_MERGE) $(wildcard $(top_srcdir)/po/*.po) ; $(INTLTOOL_V_MERGE)LC_ALL=C $(INTLTOOL_MERGE) $(INTLTOOL_V_MERGE_OPTIONS) -d -u -c $(top_builddir)/po/.intltool-merge-cache $(top_srcdir)/po $< $@'
INTLTOOL_UI_RULE='%.ui:        %.ui.in        $(INTLTOOL_MERGE) $(wildcard $(top_srcdir)/po/*.po) ; $(INTLTOOL_V_MERGE)LC_ALL=C $(INTLTOOL_MERGE) $(INTLTOOL_V_MERGE_OPTIONS) -x -u -c $(top_builddir)/po/.intltool-merge-cache $(top_srcdir)/po $< $@'
INTLTOOL_UPDATE='/usr/bin/intltool-update'
INTLTOOL_V_MERGE='$(INTLTOOL__v_MERGE_$(V))'
INTLTOOL_V_MERGE_OPTIONS='$(intltool__v_merge_options_$(V))'
INTLTOOL_XAM_RULE='%.xam:       %.xml.in       $(INTLTOOL_MERGE) $(wildcard $(top_srcdir)/po/*.po) ; $(INTLTOOL_V_MERGE)LC_ALL=C $(INTLTOOL_MERGE) $(INTLTOOL_V_MERGE_OPTIONS) -x -u -c $(top_builddir)/po/.intltool-merge-cache $(top_srcdir)/po $< $@'
INTLTOOL_XML_NOMERGE_RULE='%.xml:       %.xml.in       $(INTLTOOL_MERGE) ; $(INTLTOOL_V_MERGE)LC_ALL=C $(INTLTOOL_MERGE) $(INTLTOOL_V_MERGE_OPTIONS) -x -u --no-translations $< $@'
INTLTOOL_XML_RULE='%.xml:       %.xml.in       $(INTLTOOL_MERGE) $(wildcard $(top_srcdir)/po/*.po) ; $(INTLTOOL_V_MERGE)LC_ALL=C $(INTLTOOL_MERGE) $(INTLTOOL_V_MERGE_OPTIONS) -x -u -c $(top_builddir)/po/.intltool-merge-cache $(top_srcdir)/po $< $@'
INTLTOOL__v_MERGE_0='@echo "  ITMRG " $@;'
INTLTOOL__v_MERGE_='$(INTLTOOL__v_MERGE_$(AM_DEFAULT_VERBOSITY))'
INTL_MACOSX_LIBS=''
LD='/usr/bin/ld -m elf_x86_64'
LDFLAGS=''
LIBOBJS=''
LIBS=''
LIBTOOL='$(SHELL) $(top_builddir)/libtool'
LIPO=''
LN_S='ln -s'
LTLIBOBJS=''
LT_SYS_LIBRARY_PATH=''
MAINT=''
MAINTAINER_MODE_FALSE='#'
MAINTAINER_MODE_TRUE=''
MAKEINFO='${SHELL} /home/yetist/tmp/synergy-applet/trunk/missing makeinfo'
MANIFEST_TOOL=':'
MKDIR_P='/usr/bin/mkdir -p'
MKINSTALLDIRS='./mkinstalldirs'
MSGFMT='/usr/bin/msgfmt'
MSGFMT_OPTS='-c'
MSGMERGE='/usr/bin/msgmerge'
NM='/usr/bin/nm -B'
NMEDIT=''
OBJDUMP='objdump'
OBJEXT='o'
OTOOL64=''
OTOOL=''
PACKAGE='synergy_applet'
PACKAGE_BUGREPORT='http://code.google.com/p/synergy-applet/'
PACKAGE_NAME='synergy_applet'
PACKAGE_STRING='synergy_applet 0.9'
PACKAGE_TARNAME='synergy_applet'
PACKAGE_URL=''
PACKAGE_VERSION='0.9'
PATH_SEPARATOR=':'
PKG_CONFIG='/usr/bin/pkg-config'
PKG_CONFIG_LIBDIR=''
PKG_CONFIG_PATH=''
POFILES=''
POSUB='po'
PO_IN_DATADIR_FALSE=''
PO_IN_DATADIR_TRUE=''
RANLIB='ranlib'
SED='/usr/bin/sed'
SET_MAKE=''
SHELL='/bin/sh'
STRIP='strip'
SYNERGY_APPLET_CFLAGS='-pthread -D_REENTRANT -I/usr/include/gtk-2.0 -I/usr/lib/gtk-2.0/include -I/usr/include/pango-1.0 -I/usr/include/atk-1.0 -I/usr/include/cairo -I/usr/include/pixman-1 -I/usr/include/libdrm -I/usr/include/gdk-pixbuf-2.0 -I/usr/include/libpng16 -I/usr/include/pango-1.0 -I/usr/include/freetype2 -I/usr/include/libpng16 -I/usr/include/harfbuzz -I/usr/include/glib-2.0 -I/usr/lib/glib-2.0/include -I/usr/include/freetype2 -I/usr/include/libpng16 -I/usr/include/harfbuzz -I/usr/include/glib-2.0 -I/usr/lib/glib-2.0/include'
SYNERGY_APPLET_LIBS='-lgtk-x11-2.0 -lgdk-x11-2.0 -lpangocairo-1.0 -latk-1.0 -lcairo -lgdk_pixbuf-2.0 -lgio-2.0 -lpangoft2-1.0 -lpango-1.0 -lgobject-2.0 -lfontconfig -lfreetype -lavahi-common -lavahi-client -lavahi-glib -lglib-2.0'
USE_NLS='yes'
VERSION='0.9'
XGETTEXT='/usr/bin/xgettext'
ac_ct_AR='ar'
ac_ct_CC='gcc'
ac_ct_DUMPBIN=''
am__EXEEXT_FALSE=''
am__EXEEXT_TRUE='#'
am__fastdepCC_FALSE='#'
am__fastdepCC_TRUE=''
am__include='include'
am__isrc=''
am__leading_dot='.'
am__nodep='_no'
am__quote=''
am__tar='$${TAR-tar} chof - "$$tardir"'
am__untar='$${TAR-tar} xf -'
bindir='${exec_prefix}/bin'
build='x86_64-unknown-linux-gnu'
build_alias=''
build_cpu='x86_64'
build_os='linux-gnu'
build_vendor='unknown'
datadir='${datarootdir}'
datarootdir='${prefix}/share'
docdir='${datarootdir}/doc/${PACKAGE_TARNAME}'
dvidir='${docdir}'
exec_prefix='${prefix}'
host='x86_64-unknown-linux-gnu'
host_alias=''
host_cpu='x86_64'
host_os='linux-gnu'
host_vendor='unknown'
htmldir='${docdir}'
includedir='${prefix}/include'
infodir='${datarootdir}/info'
install_sh='${SHELL} /home/yetist/tmp/synergy-applet/trunk/install-sh'
intltool__v_merge_options_0='-q'
intltool__v_merge_options_='$(intltool__v_merge_options_$(AM_DEFAULT_VERBOSITY))'
libdir='${exec_prefix}/lib'
libexecdir='${exec_prefix}/libexec'
localedir='${datarootdir}/locale'
localstatedir='${prefix}/var'
mandir='${datarootdir}/man'
mkdir_p='$(MKDIR_P)'
oldincludedir='/usr/include'
pdfdir='${docdir}'
prefix='/usr/local'
program_transform_name='s,x,x,'
psdir='${docdir}'
sbindir='${exec_prefix}/sbin'
sharedstatedir='${prefix}/com'
sysconfdir='${prefix}/etc'
target_alias=''

## ----------- ##
## confdefs.h. ##
## ----------- ##

/* confdefs.h */
#define PACKAGE_NAME "synergy_applet"
#define PACKAGE_TARNAME "synergy_applet"
#define PACKAGE_VERSION "0.9"
#define PACKAGE_STRING "synergy_applet 0.9"
#define PACKAGE_BUGREPORT "http://code.google.com/p/synergy-applet/"
#define PACKAGE_URL ""
#define PACKAGE "synergy_applet"
#define VERSION "0.9"
#define STDC_HEADERS 1
#define GETTEXT_PACKAGE "synergy_applet"
#define HAVE_SYS_TYPES_H 1
#define HAVE_SYS_STAT_H 1
#define HAVE_STDLIB_H 1
#define HAVE_STRING_H 1
#define HAVE_MEMORY_H 1
#define HAVE_STRINGS_H 1
#define HAVE_INTTYPES_H 1
#define HAVE_STDINT_H 1
#define HAVE_UNISTD_H 1
#define HAVE_LOCALE_H 1
#define HAVE_LC_MESSAGES 1
#define HAVE_BIND_TEXTDOMAIN_CODESET 1
#define HAVE_GETTEXT 1
#define HAVE_DCGETTEXT 1
#define ENABLE_NLS 1
#define HAVE_DLFCN_H 1
#define LT_OBJDIR ".libs/"

configure: exit 0

## ---------------------- ##
## Running config.status. ##
## ---------------------- ##

This file was extended by synergy_applet config.status 0.9, which was
generated by GNU Autoconf 2.69.  Invocation command line was

  CONFIG_FILES    = 
  CONFIG_HEADERS  = 
  CONFIG_LINKS    = 
  CONFIG_COMMANDS = 
  $ ./config.status 

on yetibook

config.status:1175: creating Makefile
config.status:1175: creating src/Makefile
config.status:1175: creating po/Makefile.in
config.status:1175: creating config.h
config.status:1356: config.h is unchanged
config.status:1404: executing depfiles commands
config.status:1404: executing default-1 commands
config.status:1404: executing libtool commands
config.status:1404: executing po/stamp-it commands

## ---------------------- ##
## Running config.status. ##
## ---------------------- ##

This file was extended by synergy_applet config.status 0.9, which was
generated by GNU Autoconf 2.69.  Invocation command line was

  CONFIG_FILES    = 
  CONFIG_HEADERS  = 
  CONFIG_LINKS    = 
  CONFIG_COMMANDS = 
  $ ./config.status config.h

on yetibook

config.status:1175: creating config.h
config.status:1356: config.h is unchanged
